<?xml version="1.0" encoding="UTF-8"?>
<testng-results ignored="0" total="4" passed="3" failed="1" skipped="0">
  <reporter-output>
  </reporter-output>
  <suite started-at="2021-07-11T16:04:07 ICT" name="Register test" finished-at="2021-07-11T16:10:36 ICT" duration-ms="389023">
    <groups>
    </groups>
    <test started-at="2021-07-11T16:04:07 ICT" name="testFirstRegisterPage" finished-at="2021-07-11T16:04:45 ICT" duration-ms="37862">
      <class name="scripts.testsuites.registerpagetest.RegisterPageTest">
        <test-method is-config="true" signature="ATestScriptInit()[pri:0, instance:scripts.testsuites.registerpagetest.RegisterPageTest@5e316c74]" started-at="2021-07-11T16:04:08 ICT" name="ATestScriptInit" finished-at="2021-07-11T16:04:11 ICT" duration-ms="2919" status="PASS">
          <reporter-output>
          </reporter-output>
        </test-method> <!-- ATestScriptInit -->
        <test-method signature="testFirstRegisterPage(java.util.Map)[pri:0, instance:scripts.testsuites.registerpagetest.RegisterPageTest@5e316c74]" started-at="2021-07-11T16:04:11 ICT" name="testFirstRegisterPage" data-provider="dataProvider" finished-at="2021-07-11T16:04:45 ICT" duration-ms="34215" status="PASS">
          <params>
            <param index="0">
              <value>
                <![CDATA[{businessActivity=Americans love to talk about how Americans hate to talk about money, emailDomain=@gmail.com, documentOption=Passport, gender=Male, businessProvide=A service provider provides organizations with consulting, industry=Retail Goods, emailOTPNumber=1234, userid=Tai A, verificationSelect=Identity documents, liveWebSite=www.nmt1.site, mobileOTPNumber=1234, subIndustry=Fine Arts, solution=accusantium, shareholdersQualified=No, entityCategory=Non profit organization, annualTurnover=S$0 - S$50,000, moreThan10OrdinaryShares=No, email=mtaihrtnf94, entityType=Charities, filePath=\src\test\resources\testdata\RegisterTest.jpg, mobile=335679087, dateOfBirth=6/Dec/1994, numberOfEmployees=11-50, businessRole=I am a registered director of the company, nationality=Singapore, registrationNumber=113523451A, whereDidYouHearAbUs=Brochure, businessLegalName=NMT, roleInCompany=Appointed director, registrationMethod=Standard Registration}]]>
              </value>
            </param>
          </params>
          <reporter-output>
          </reporter-output>
        </test-method> <!-- testFirstRegisterPage -->
      </class> <!-- scripts.testsuites.registerpagetest.RegisterPageTest -->
    </test> <!-- testFirstRegisterPage -->
    <test started-at="2021-07-11T16:04:45 ICT" name="testAdditionalDetailsPage" finished-at="2021-07-11T16:06:02 ICT" duration-ms="77667">
      <class name="scripts.testsuites.registerpagetest.AdditionalDetailPageTest">
        <test-method is-config="true" signature="ATestScriptInit()[pri:0, instance:scripts.testsuites.registerpagetest.AdditionalDetailPageTest@63355449]" started-at="2021-07-11T16:04:45 ICT" name="ATestScriptInit" finished-at="2021-07-11T16:04:47 ICT" duration-ms="1995" status="PASS">
          <reporter-output>
          </reporter-output>
        </test-method> <!-- ATestScriptInit -->
        <test-method signature="testAdditionalDetailsPage(java.util.Map)[pri:0, instance:scripts.testsuites.registerpagetest.AdditionalDetailPageTest@63355449]" started-at="2021-07-11T16:04:47 ICT" name="testAdditionalDetailsPage" data-provider="dataProvider" finished-at="2021-07-11T16:06:02 ICT" duration-ms="75463" status="PASS">
          <params>
            <param index="0">
              <value>
                <![CDATA[{businessActivity=Americans love to talk about how Americans hate to talk about money, emailDomain=@gmail.com, documentOption=Passport, gender=Male, businessProvide=A service provider provides organizations with consulting, industry=Retail Goods, emailOTPNumber=1234, userid=Tai A, verificationSelect=Identity documents, liveWebSite=www.nmt1.site, mobileOTPNumber=1234, subIndustry=Fine Arts, solution=accusantium, shareholdersQualified=No, entityCategory=Non profit organization, annualTurnover=S$0 - S$50,000, moreThan10OrdinaryShares=No, email=mtaihrtnf94, entityType=Charities, filePath=\src\test\resources\testdata\RegisterTest.jpg, mobile=335679087, dateOfBirth=6/Dec/1994, numberOfEmployees=11-50, businessRole=I am a registered director of the company, nationality=Singapore, registrationNumber=113523451A, whereDidYouHearAbUs=Brochure, businessLegalName=NMT, roleInCompany=Appointed director, registrationMethod=Standard Registration}]]>
              </value>
            </param>
          </params>
          <reporter-output>
          </reporter-output>
        </test-method> <!-- testAdditionalDetailsPage -->
      </class> <!-- scripts.testsuites.registerpagetest.AdditionalDetailPageTest -->
    </test> <!-- testAdditionalDetailsPage -->
    <test started-at="2021-07-11T16:06:02 ICT" name="testBusinessDetailPage" finished-at="2021-07-11T16:08:18 ICT" duration-ms="135708">
      <class name="scripts.testsuites.registerpagetest.BusinessPageTest">
        <test-method is-config="true" signature="ATestScriptInit()[pri:0, instance:scripts.testsuites.registerpagetest.BusinessPageTest@c267ef4]" started-at="2021-07-11T16:06:03 ICT" name="ATestScriptInit" finished-at="2021-07-11T16:06:04 ICT" duration-ms="1783" status="PASS">
          <reporter-output>
          </reporter-output>
        </test-method> <!-- ATestScriptInit -->
        <test-method signature="testBusinessDetailPage(java.util.Map)[pri:0, instance:scripts.testsuites.registerpagetest.BusinessPageTest@c267ef4]" started-at="2021-07-11T16:06:04 ICT" name="testBusinessDetailPage" data-provider="dataProvider" finished-at="2021-07-11T16:08:18 ICT" duration-ms="133821" status="PASS">
          <params>
            <param index="0">
              <value>
                <![CDATA[{businessActivity=Americans love to talk about how Americans hate to talk about money, emailDomain=@gmail.com, documentOption=Passport, gender=Male, businessProvide=A service provider provides organizations with consulting, industry=Retail Goods, emailOTPNumber=1234, userid=Tai A, verificationSelect=Identity documents, liveWebSite=www.nmt1.site, mobileOTPNumber=1234, subIndustry=Fine Arts, solution=accusantium, shareholdersQualified=No, entityCategory=Non profit organization, annualTurnover=S$0 - S$50,000, moreThan10OrdinaryShares=No, email=mtaihrtnf94, entityType=Charities, filePath=\src\test\resources\testdata\RegisterTest.jpg, mobile=335679087, dateOfBirth=6/Dec/1994, numberOfEmployees=11-50, businessRole=I am a registered director of the company, nationality=Singapore, registrationNumber=113523451A, whereDidYouHearAbUs=Brochure, businessLegalName=NMT, roleInCompany=Appointed director, registrationMethod=Standard Registration}]]>
              </value>
            </param>
          </params>
          <reporter-output>
          </reporter-output>
        </test-method> <!-- testBusinessDetailPage -->
      </class> <!-- scripts.testsuites.registerpagetest.BusinessPageTest -->
    </test> <!-- testBusinessDetailPage -->
    <test started-at="2021-07-11T16:08:18 ICT" name="testIdentityPage" finished-at="2021-07-11T16:10:36 ICT" duration-ms="137769">
      <class name="scripts.testsuites.registerpagetest.IdentityPageTest">
        <test-method is-config="true" signature="ATestScriptInit()[pri:0, instance:scripts.testsuites.registerpagetest.IdentityPageTest@1139b2f3]" started-at="2021-07-11T16:08:18 ICT" name="ATestScriptInit" finished-at="2021-07-11T16:08:20 ICT" duration-ms="2221" status="PASS">
          <reporter-output>
          </reporter-output>
        </test-method> <!-- ATestScriptInit -->
        <test-method signature="testIdentityPage(java.util.Map)[pri:0, instance:scripts.testsuites.registerpagetest.IdentityPageTest@1139b2f3]" started-at="2021-07-11T16:08:20 ICT" name="testIdentityPage" data-provider="dataProvider" finished-at="2021-07-11T16:10:36 ICT" duration-ms="135445" status="FAIL">
          <params>
            <param index="0">
              <value>
                <![CDATA[{businessActivity=Americans love to talk about how Americans hate to talk about money, emailDomain=@gmail.com, documentOption=Passport, gender=Male, businessProvide=A service provider provides organizations with consulting, industry=Retail Goods, emailOTPNumber=1234, userid=Tai A, verificationSelect=Identity documents, liveWebSite=www.nmt1.site, mobileOTPNumber=1234, subIndustry=Fine Arts, solution=accusantium, shareholdersQualified=No, entityCategory=Non profit organization, annualTurnover=S$0 - S$50,000, moreThan10OrdinaryShares=No, email=mtaihrtnf94, entityType=Charities, filePath=\src\test\resources\testdata\RegisterTest.jpg, mobile=335679087, dateOfBirth=6/Dec/1994, numberOfEmployees=11-50, businessRole=I am a registered director of the company, nationality=Singapore, registrationNumber=113523451A, whereDidYouHearAbUs=Brochure, businessLegalName=NMT, roleInCompany=Appointed director, registrationMethod=Standard Registration}]]>
              </value>
            </param>
          </params>
          <exception class="org.openqa.selenium.ElementClickInterceptedException">
            <message>
              <![CDATA[element click intercepted: Element <span class="block">...</span> is not clickable at point (464, 836). Other element would receive the click: <div data-v-4dedc76c="" data-v-7e836ae6="" class="q-inner-loading absolute-full column flex-center aspire-loader aspire-loader--mobile q-transition--fade-leave q-transition--fade-leave-active">...</div>
  (Session info: chrome=91.0.4472.124)
Build info: version: '3.141.59', revision: 'e82be7d358', time: '2018-11-14T08:17:03'
System info: host: 'DESKTOP-E4R96QE', ip: '192.168.1.15', os.name: 'Windows 10', os.arch: 'amd64', os.version: '10.0', java.version: '16'
Driver info: org.openqa.selenium.chrome.ChromeDriver
Capabilities {acceptInsecureCerts: false, browserName: chrome, browserVersion: 91.0.4472.124, chrome: {chromedriverVersion: 91.0.4472.101 (af52a90bf870..., userDataDir: C:\Users\TAINGU~1\AppData\L...}, goog:chromeOptions: {debuggerAddress: localhost:51197}, javascriptEnabled: true, networkConnectionEnabled: false, pageLoadStrategy: normal, platform: WINDOWS, platformName: WINDOWS, proxy: Proxy(), setWindowRect: true, strictFileInteractability: false, timeouts: {implicit: 0, pageLoad: 300000, script: 30000}, unhandledPromptBehavior: dismiss and notify, webauthn:extension:largeBlob: true, webauthn:virtualAuthenticators: true}
Session ID: 4e0dbeef0a53dbb50664292bea2d250f]]>
            </message>
            <full-stacktrace>
              <![CDATA[org.openqa.selenium.ElementClickInterceptedException: element click intercepted: Element <span class="block">...</span> is not clickable at point (464, 836). Other element would receive the click: <div data-v-4dedc76c="" data-v-7e836ae6="" class="q-inner-loading absolute-full column flex-center aspire-loader aspire-loader--mobile q-transition--fade-leave q-transition--fade-leave-active">...</div>
  (Session info: chrome=91.0.4472.124)
Build info: version: '3.141.59', revision: 'e82be7d358', time: '2018-11-14T08:17:03'
System info: host: 'DESKTOP-E4R96QE', ip: '192.168.1.15', os.name: 'Windows 10', os.arch: 'amd64', os.version: '10.0', java.version: '16'
Driver info: org.openqa.selenium.chrome.ChromeDriver
Capabilities {acceptInsecureCerts: false, browserName: chrome, browserVersion: 91.0.4472.124, chrome: {chromedriverVersion: 91.0.4472.101 (af52a90bf870..., userDataDir: C:\Users\TAINGU~1\AppData\L...}, goog:chromeOptions: {debuggerAddress: localhost:51197}, javascriptEnabled: true, networkConnectionEnabled: false, pageLoadStrategy: normal, platform: WINDOWS, platformName: WINDOWS, proxy: Proxy(), setWindowRect: true, strictFileInteractability: false, timeouts: {implicit: 0, pageLoad: 300000, script: 30000}, unhandledPromptBehavior: dismiss and notify, webauthn:extension:largeBlob: true, webauthn:virtualAuthenticators: true}
Session ID: 4e0dbeef0a53dbb50664292bea2d250f
at java.base/jdk.internal.reflect.NativeConstructorAccessorImpl.newInstance0(Native Method)
at java.base/jdk.internal.reflect.NativeConstructorAccessorImpl.newInstance(NativeConstructorAccessorImpl.java:78)
at java.base/jdk.internal.reflect.DelegatingConstructorAccessorImpl.newInstance(DelegatingConstructorAccessorImpl.java:45)
at java.base/java.lang.reflect.Constructor.newInstanceWithCaller(Constructor.java:499)
at java.base/java.lang.reflect.Constructor.newInstance(Constructor.java:480)
at org.openqa.selenium.remote.http.W3CHttpResponseCodec.createException(W3CHttpResponseCodec.java:187)
at org.openqa.selenium.remote.http.W3CHttpResponseCodec.decode(W3CHttpResponseCodec.java:122)
at org.openqa.selenium.remote.http.W3CHttpResponseCodec.decode(W3CHttpResponseCodec.java:49)
at org.openqa.selenium.remote.HttpCommandExecutor.execute(HttpCommandExecutor.java:158)
at org.openqa.selenium.remote.service.DriverCommandExecutor.execute(DriverCommandExecutor.java:83)
at org.openqa.selenium.remote.RemoteWebDriver.execute(RemoteWebDriver.java:552)
at org.openqa.selenium.remote.RemoteWebElement.execute(RemoteWebElement.java:285)
at org.openqa.selenium.remote.RemoteWebElement.click(RemoteWebElement.java:84)
at components.level2.Button.click(Button.java:19)
at poms.pageregister.PageIdentityDetail.pressBeginVerification(PageIdentityDetail.java:65)
at scripts.testsuites.registerpagetest.IdentityPageTest.testIdentityPage(IdentityPageTest.java:210)
at java.base/jdk.internal.reflect.NativeMethodAccessorImpl.invoke0(Native Method)
at java.base/jdk.internal.reflect.NativeMethodAccessorImpl.invoke(NativeMethodAccessorImpl.java:78)
at java.base/jdk.internal.reflect.DelegatingMethodAccessorImpl.invoke(DelegatingMethodAccessorImpl.java:43)
at java.base/java.lang.reflect.Method.invoke(Method.java:567)
at org.testng.internal.MethodInvocationHelper.invokeMethod(MethodInvocationHelper.java:133)
at org.testng.internal.TestInvoker.invokeMethod(TestInvoker.java:598)
at org.testng.internal.TestInvoker.invokeTestMethod(TestInvoker.java:173)
at org.testng.internal.MethodRunner.runInSequence(MethodRunner.java:46)
at org.testng.internal.TestInvoker$MethodInvocationAgent.invoke(TestInvoker.java:824)
at org.testng.internal.TestInvoker.invokeTestMethods(TestInvoker.java:146)
at org.testng.internal.TestMethodWorker.invokeTestMethods(TestMethodWorker.java:146)
at org.testng.internal.TestMethodWorker.run(TestMethodWorker.java:128)
at java.base/java.util.ArrayList.forEach(ArrayList.java:1511)
at org.testng.TestRunner.privateRun(TestRunner.java:794)
at org.testng.TestRunner.run(TestRunner.java:596)
at org.testng.SuiteRunner.runTest(SuiteRunner.java:377)
at org.testng.SuiteRunner.runSequentially(SuiteRunner.java:371)
at org.testng.SuiteRunner.privateRun(SuiteRunner.java:332)
at org.testng.SuiteRunner.run(SuiteRunner.java:276)
at org.testng.SuiteRunnerWorker.runSuite(SuiteRunnerWorker.java:53)
at org.testng.SuiteRunnerWorker.run(SuiteRunnerWorker.java:96)
at org.testng.TestNG.runSuitesSequentially(TestNG.java:1212)
at org.testng.TestNG.runSuitesLocally(TestNG.java:1134)
at org.testng.TestNG.runSuites(TestNG.java:1063)
at org.testng.TestNG.run(TestNG.java:1031)
at org.apache.maven.surefire.testng.TestNGExecutor.run(TestNGExecutor.java:284)
at org.apache.maven.surefire.testng.TestNGXmlTestSuite.execute(TestNGXmlTestSuite.java:75)
at org.apache.maven.surefire.testng.TestNGProvider.invoke(TestNGProvider.java:119)
at org.apache.maven.surefire.booter.ForkedBooter.runSuitesInProcess(ForkedBooter.java:428)
at org.apache.maven.surefire.booter.ForkedBooter.execute(ForkedBooter.java:162)
at org.apache.maven.surefire.booter.ForkedBooter.run(ForkedBooter.java:562)
at org.apache.maven.surefire.booter.ForkedBooter.main(ForkedBooter.java:548)
]]>
            </full-stacktrace>
          </exception> <!-- org.openqa.selenium.ElementClickInterceptedException -->
          <reporter-output>
          </reporter-output>
        </test-method> <!-- testIdentityPage -->
      </class> <!-- scripts.testsuites.registerpagetest.IdentityPageTest -->
    </test> <!-- testIdentityPage -->
  </suite> <!-- Register test -->
</testng-results>
